Analysis & Synthesis report for Practica4
Tue Apr 12 22:45:34 2022
Quartus II 64-Bit Version 13.0.1 Build 232 06/12/2013 Service Pack 1 SJ Web Edition


---------------------
; Table of Contents ;
---------------------
  1. Legal Notice
  2. Analysis & Synthesis Summary
  3. Analysis & Synthesis Settings
  4. Parallel Compilation
  5. Analysis & Synthesis Messages



----------------
; Legal Notice ;
----------------
Copyright (C) 1991-2013 Altera Corporation
Your use of Altera Corporation's design tools, logic functions 
and other software and tools, and its AMPP partner logic 
functions, and any output files from any of the foregoing 
(including device programming or simulation files), and any 
associated documentation or information are expressly subject 
to the terms and conditions of the Altera Program License 
Subscription Agreement, Altera MegaCore Function License 
Agreement, or other applicable license agreement, including, 
without limitation, that your use is for the sole purpose of 
programming logic devices manufactured by Altera and sold by 
Altera or its authorized distributors.  Please refer to the 
applicable agreement for further details.



+--------------------------------------------------------------------------------------+
; Analysis & Synthesis Summary                                                         ;
+------------------------------------+-------------------------------------------------+
; Analysis & Synthesis Status        ; Failed - Tue Apr 12 22:45:34 2022               ;
; Quartus II 64-Bit Version          ; 13.0.1 Build 232 06/12/2013 SP 1 SJ Web Edition ;
; Revision Name                      ; Practica4                                       ;
; Top-level Entity Name              ; Practica4                                       ;
; Family                             ; Cyclone II                                      ;
; Total logic elements               ; N/A until Partition Merge                       ;
;     Total combinational functions  ; N/A until Partition Merge                       ;
;     Dedicated logic registers      ; N/A until Partition Merge                       ;
; Total registers                    ; N/A until Partition Merge                       ;
; Total pins                         ; N/A until Partition Merge                       ;
; Total virtual pins                 ; N/A until Partition Merge                       ;
; Total memory bits                  ; N/A until Partition Merge                       ;
; Embedded Multiplier 9-bit elements ; N/A until Partition Merge                       ;
; Total PLLs                         ; N/A until Partition Merge                       ;
+------------------------------------+-------------------------------------------------+


+----------------------------------------------------------------------------------------------------------------------+
; Analysis & Synthesis Settings                                                                                        ;
+----------------------------------------------------------------------------+--------------------+--------------------+
; Option                                                                     ; Setting            ; Default Value      ;
+----------------------------------------------------------------------------+--------------------+--------------------+
; Device                                                                     ; EP2C5T144C8        ;                    ;
; Top-level entity name                                                      ; Practica4          ; Practica4          ;
; Family name                                                                ; Cyclone II         ; Cyclone IV GX      ;
; Use smart compilation                                                      ; Off                ; Off                ;
; Enable parallel Assembler and TimeQuest Timing Analyzer during compilation ; On                 ; On                 ;
; Enable compact report table                                                ; Off                ; Off                ;
; Restructure Multiplexers                                                   ; Auto               ; Auto               ;
; Create Debugging Nodes for IP Cores                                        ; Off                ; Off                ;
; Preserve fewer node names                                                  ; On                 ; On                 ;
; Disable OpenCore Plus hardware evaluation                                  ; Off                ; Off                ;
; Verilog Version                                                            ; Verilog_2001       ; Verilog_2001       ;
; VHDL Version                                                               ; VHDL_1993          ; VHDL_1993          ;
; State Machine Processing                                                   ; Auto               ; Auto               ;
; Safe State Machine                                                         ; Off                ; Off                ;
; Extract Verilog State Machines                                             ; On                 ; On                 ;
; Extract VHDL State Machines                                                ; On                 ; On                 ;
; Ignore Verilog initial constructs                                          ; Off                ; Off                ;
; Iteration limit for constant Verilog loops                                 ; 5000               ; 5000               ;
; Iteration limit for non-constant Verilog loops                             ; 250                ; 250                ;
; Add Pass-Through Logic to Inferred RAMs                                    ; On                 ; On                 ;
; Infer RAMs from Raw Logic                                                  ; On                 ; On                 ;
; Parallel Synthesis                                                         ; On                 ; On                 ;
; DSP Block Balancing                                                        ; Auto               ; Auto               ;
; NOT Gate Push-Back                                                         ; On                 ; On                 ;
; Power-Up Don't Care                                                        ; On                 ; On                 ;
; Remove Redundant Logic Cells                                               ; Off                ; Off                ;
; Remove Duplicate Registers                                                 ; On                 ; On                 ;
; Ignore CARRY Buffers                                                       ; Off                ; Off                ;
; Ignore CASCADE Buffers                                                     ; Off                ; Off                ;
; Ignore GLOBAL Buffers                                                      ; Off                ; Off                ;
; Ignore ROW GLOBAL Buffers                                                  ; Off                ; Off                ;
; Ignore LCELL Buffers                                                       ; Off                ; Off                ;
; Ignore SOFT Buffers                                                        ; On                 ; On                 ;
; Limit AHDL Integers to 32 Bits                                             ; Off                ; Off                ;
; Optimization Technique                                                     ; Balanced           ; Balanced           ;
; Carry Chain Length                                                         ; 70                 ; 70                 ;
; Auto Carry Chains                                                          ; On                 ; On                 ;
; Auto Open-Drain Pins                                                       ; On                 ; On                 ;
; Perform WYSIWYG Primitive Resynthesis                                      ; Off                ; Off                ;
; Auto ROM Replacement                                                       ; On                 ; On                 ;
; Auto RAM Replacement                                                       ; On                 ; On                 ;
; Auto Shift Register Replacement                                            ; Auto               ; Auto               ;
; Allow Shift Register Merging across Hierarchies                            ; Auto               ; Auto               ;
; Auto Clock Enable Replacement                                              ; On                 ; On                 ;
; Strict RAM Replacement                                                     ; Off                ; Off                ;
; Allow Synchronous Control Signals                                          ; On                 ; On                 ;
; Force Use of Synchronous Clear Signals                                     ; Off                ; Off                ;
; Auto RAM to Logic Cell Conversion                                          ; Off                ; Off                ;
; Auto Resource Sharing                                                      ; Off                ; Off                ;
; Allow Any RAM Size For Recognition                                         ; Off                ; Off                ;
; Allow Any ROM Size For Recognition                                         ; Off                ; Off                ;
; Allow Any Shift Register Size For Recognition                              ; Off                ; Off                ;
; Use LogicLock Constraints during Resource Balancing                        ; On                 ; On                 ;
; Ignore translate_off and synthesis_off directives                          ; Off                ; Off                ;
; Timing-Driven Synthesis                                                    ; Off                ; Off                ;
; Report Parameter Settings                                                  ; On                 ; On                 ;
; Report Source Assignments                                                  ; On                 ; On                 ;
; Report Connectivity Checks                                                 ; On                 ; On                 ;
; Ignore Maximum Fan-Out Assignments                                         ; Off                ; Off                ;
; Synchronization Register Chain Length                                      ; 2                  ; 2                  ;
; PowerPlay Power Optimization                                               ; Normal compilation ; Normal compilation ;
; HDL message level                                                          ; Level2             ; Level2             ;
; Suppress Register Optimization Related Messages                            ; Off                ; Off                ;
; Number of Removed Registers Reported in Synthesis Report                   ; 5000               ; 5000               ;
; Number of Swept Nodes Reported in Synthesis Report                         ; 5000               ; 5000               ;
; Number of Inverted Registers Reported in Synthesis Report                  ; 100                ; 100                ;
; Clock MUX Protection                                                       ; On                 ; On                 ;
; Auto Gated Clock Conversion                                                ; Off                ; Off                ;
; Block Design Naming                                                        ; Auto               ; Auto               ;
; SDC constraint protection                                                  ; Off                ; Off                ;
; Synthesis Effort                                                           ; Auto               ; Auto               ;
; Shift Register Replacement - Allow Asynchronous Clear Signal               ; On                 ; On                 ;
; Pre-Mapping Resynthesis Optimization                                       ; Off                ; Off                ;
; Analysis & Synthesis Message Level                                         ; Medium             ; Medium             ;
; Disable Register Merging Across Hierarchies                                ; Auto               ; Auto               ;
; Resource Aware Inference For Block RAM                                     ; On                 ; On                 ;
; Synthesis Seed                                                             ; 1                  ; 1                  ;
+----------------------------------------------------------------------------+--------------------+--------------------+


Parallel compilation was disabled, but you have multiple processors available. Enable parallel compilation to reduce compilation time.
+-------------------------------------+
; Parallel Compilation                ;
+----------------------------+--------+
; Processors                 ; Number ;
+----------------------------+--------+
; Number detected on machine ; 8      ;
; Maximum allowed            ; 1      ;
+----------------------------+--------+


+-------------------------------+
; Analysis & Synthesis Messages ;
+-------------------------------+
Info: *******************************************************************
Info: Running Quartus II 64-Bit Analysis & Synthesis
    Info: Version 13.0.1 Build 232 06/12/2013 Service Pack 1 SJ Web Edition
    Info: Processing started: Tue Apr 12 22:45:33 2022
Info: Command: quartus_map --read_settings_files=on --write_settings_files=off Practica4 -c Practica4
Warning (20028): Parallel compilation is not licensed and has been disabled
Info (12021): Found 2 design units, including 1 entities, in source file separadorunidades.vhd
    Info (12022): Found design unit 1: Separadorunidades-SepUnits
    Info (12023): Found entity 1: Separadorunidades
Info (12021): Found 2 design units, including 1 entities, in source file /users/luisa/onedrive - instituto politecnico nacional/diseño de sistemas digitales/enterlapps-dsd/anexos/divisorfrecuencia.vhd
    Info (12022): Found design unit 1: DivisorDeFrecuencia-DivFrec
    Info (12023): Found entity 1: DivisorDeFrecuencia
Info (12021): Found 2 design units, including 1 entities, in source file /users/luisa/onedrive - instituto politecnico nacional/diseño de sistemas digitales/enterlapps-dsd/anexos/decodificadordecimalnumerico.vhd
    Info (12022): Found design unit 1: DecodifiadorDecimalNumerico-DecoDecNum
    Info (12023): Found entity 1: DecodifiadorDecimalNumerico
Info (12021): Found 2 design units, including 1 entities, in source file /users/luisa/onedrive - instituto politecnico nacional/diseño de sistemas digitales/enterlapps-dsd/anexos/contador.vhd
    Info (12022): Found design unit 1: Contador-ContArch
    Info (12023): Found entity 1: Contador
Info (12021): Found 1 design units, including 1 entities, in source file practica4.bdf
    Info (12023): Found entity 1: Practica4
Info (12127): Elaborating entity "Practica4" for the top level hierarchy
Warning (275011): Block or symbol "DivisorDeFrecuencia" of instance "inst1" overlaps another block or symbol
Info (12128): Elaborating entity "DecodifiadorDecimalNumerico" for hierarchy "DecodifiadorDecimalNumerico:Decodificador1"
Info (10041): Inferred latch for "salidaVector[6]" at DecodificadorDecimalNumerico.vhd(26)
Info (10041): Inferred latch for "salidaVector[5]" at DecodificadorDecimalNumerico.vhd(26)
Info (10041): Inferred latch for "salidaVector[4]" at DecodificadorDecimalNumerico.vhd(26)
Info (10041): Inferred latch for "salidaVector[3]" at DecodificadorDecimalNumerico.vhd(26)
Info (10041): Inferred latch for "salidaVector[2]" at DecodificadorDecimalNumerico.vhd(26)
Info (10041): Inferred latch for "salidaVector[1]" at DecodificadorDecimalNumerico.vhd(26)
Info (10041): Inferred latch for "salidaVector[0]" at DecodificadorDecimalNumerico.vhd(26)
Info (12128): Elaborating entity "Separadorunidades" for hierarchy "Separadorunidades:DivisorUnidades"
Warning (10492): VHDL Process Statement warning at SeparadorUnidades.vhd(18): signal "tempValue" is read inside the Process Statement but isn't in the Process Statement's sensitivity list
Error (10414): VHDL Unsupported Feature error at SeparadorUnidades.vhd(18): cannot synthesize non-constant real objects or values File: C:/Users/luisa/OneDrive - Instituto Politecnico Nacional/Diseño de sistemas digitales/Enterlapps-DSD/Practica 4/SeparadorUnidades.vhd Line: 18
Error (10658): VHDL Operator error at SeparadorUnidades.vhd(18): failed to evaluate call to operator ""/"" File: C:/Users/luisa/OneDrive - Instituto Politecnico Nacional/Diseño de sistemas digitales/Enterlapps-DSD/Practica 4/SeparadorUnidades.vhd Line: 18
Error (10346): VHDL error at math_real.vhd(1966): formal port or parameter "X" must have actual or default value File: c:/altera/13.0sp1/quartus/libraries/vhdl/ieee/math_real.vhd Line: 1966
Error (10657): VHDL Subprogram error at SeparadorUnidades.vhd(18):  failed to elaborate call to subprogram "FLOOR" File: C:/Users/luisa/OneDrive - Instituto Politecnico Nacional/Diseño de sistemas digitales/Enterlapps-DSD/Practica 4/SeparadorUnidades.vhd Line: 18
Error (12152): Can't elaborate user hierarchy "Separadorunidades:DivisorUnidades"
Error: Quartus II 64-Bit Analysis & Synthesis was unsuccessful. 5 errors, 3 warnings
    Error: Peak virtual memory: 4621 megabytes
    Error: Processing ended: Tue Apr 12 22:45:34 2022
    Error: Elapsed time: 00:00:01
    Error: Total CPU time (on all processors): 00:00:01


