TimeQuest Timing Analyzer report for PruebaHDMI
Thu May 05 10:05:34 2022
Quartus II 64-Bit Version 13.0.1 Build 232 06/12/2013 Service Pack 1 SJ Web Edition


---------------------
; Table of Contents ;
---------------------
  1. Legal Notice
  2. TimeQuest Timing Analyzer Summary
  3. Parallel Compilation
  4. Clocks
  5. Slow Model Fmax Summary
  6. Slow Model Setup Summary
  7. Slow Model Hold Summary
  8. Slow Model Recovery Summary
  9. Slow Model Removal Summary
 10. Slow Model Minimum Pulse Width Summary
 11. Slow Model Setup: 'inst|altpll_component|pll|clk[0]'
 12. Slow Model Setup: 'BTN'
 13. Slow Model Hold: 'BTN'
 14. Slow Model Hold: 'inst|altpll_component|pll|clk[0]'
 15. Slow Model Minimum Pulse Width: 'BTN'
 16. Slow Model Minimum Pulse Width: 'inst|altpll_component|pll|clk[0]'
 17. Slow Model Minimum Pulse Width: 'CLK'
 18. Clock to Output Times
 19. Minimum Clock to Output Times
 20. Fast Model Setup Summary
 21. Fast Model Hold Summary
 22. Fast Model Recovery Summary
 23. Fast Model Removal Summary
 24. Fast Model Minimum Pulse Width Summary
 25. Fast Model Setup: 'inst|altpll_component|pll|clk[0]'
 26. Fast Model Setup: 'BTN'
 27. Fast Model Hold: 'BTN'
 28. Fast Model Hold: 'inst|altpll_component|pll|clk[0]'
 29. Fast Model Minimum Pulse Width: 'BTN'
 30. Fast Model Minimum Pulse Width: 'inst|altpll_component|pll|clk[0]'
 31. Fast Model Minimum Pulse Width: 'CLK'
 32. Clock to Output Times
 33. Minimum Clock to Output Times
 34. Multicorner Timing Analysis Summary
 35. Clock to Output Times
 36. Minimum Clock to Output Times
 37. Setup Transfers
 38. Hold Transfers
 39. Report TCCS
 40. Report RSKM
 41. Unconstrained Paths
 42. TimeQuest Timing Analyzer Messages



----------------
; Legal Notice ;
----------------
Copyright (C) 1991-2013 Altera Corporation
Your use of Altera Corporation's design tools, logic functions 
and other software and tools, and its AMPP partner logic 
functions, and any output files from any of the foregoing 
(including device programming or simulation files), and any 
associated documentation or information are expressly subject 
to the terms and conditions of the Altera Program License 
Subscription Agreement, Altera MegaCore Function License 
Agreement, or other applicable license agreement, including, 
without limitation, that your use is for the sole purpose of 
programming logic devices manufactured by Altera and sold by 
Altera or its authorized distributors.  Please refer to the 
applicable agreement for further details.



+----------------------------------------------------------------------------------------+
; TimeQuest Timing Analyzer Summary                                                      ;
+--------------------+-------------------------------------------------------------------+
; Quartus II Version ; Version 13.0.1 Build 232 06/12/2013 Service Pack 1 SJ Web Edition ;
; Revision Name      ; PruebaHDMI                                                        ;
; Device Family      ; Cyclone II                                                        ;
; Device Name        ; EP2C5T144C8                                                       ;
; Timing Models      ; Final                                                             ;
; Delay Model        ; Combined                                                          ;
; Rise/Fall Delays   ; Unavailable                                                       ;
+--------------------+-------------------------------------------------------------------+


Parallel compilation was disabled, but you have multiple processors available. Enable parallel compilation to reduce compilation time.
+-------------------------------------+
; Parallel Compilation                ;
+----------------------------+--------+
; Processors                 ; Number ;
+----------------------------+--------+
; Number detected on machine ; 8      ;
; Maximum allowed            ; 1      ;
+----------------------------+--------+


+----------------------------------------------------------------------------------------------------------------------------------------------------------------------------------------------------------------------------------------------------------------------+
; Clocks                                                                                                                                                                                                                                                               ;
+----------------------------------+-----------+--------+------------+-------+--------+------------+-----------+-------------+-------+--------+-----------+------------+----------+--------+------------------------------------+--------------------------------------+
; Clock Name                       ; Type      ; Period ; Frequency  ; Rise  ; Fall   ; Duty Cycle ; Divide by ; Multiply by ; Phase ; Offset ; Edge List ; Edge Shift ; Inverted ; Master ; Source                             ; Targets                              ;
+----------------------------------+-----------+--------+------------+-------+--------+------------+-----------+-------------+-------+--------+-----------+------------+----------+--------+------------------------------------+--------------------------------------+
; BTN                              ; Base      ; 1.000  ; 1000.0 MHz ; 0.000 ; 0.500  ;            ;           ;             ;       ;        ;           ;            ;          ;        ;                                    ; { BTN }                              ;
; CLK                              ; Base      ; 20.000 ; 50.0 MHz   ; 0.000 ; 10.000 ;            ;           ;             ;       ;        ;           ;            ;          ;        ;                                    ; { CLK }                              ;
; inst|altpll_component|pll|clk[0] ; Generated ; 4.000  ; 250.0 MHz  ; 0.000 ; 2.000  ; 50.00      ; 1         ; 5           ;       ;        ;           ;            ; false    ; CLK    ; inst|altpll_component|pll|inclk[0] ; { inst|altpll_component|pll|clk[0] } ;
+----------------------------------+-----------+--------+------------+-------+--------+------------+-----------+-------------+-------+--------+-----------+------------+----------+--------+------------------------------------+--------------------------------------+


+-----------------------------------------------------------------------------------------------------------+
; Slow Model Fmax Summary                                                                                   ;
+------------+-----------------+------------+---------------------------------------------------------------+
; Fmax       ; Restricted Fmax ; Clock Name ; Note                                                          ;
+------------+-----------------+------------+---------------------------------------------------------------+
; 708.72 MHz ; 360.1 MHz       ; BTN        ; limit due to minimum period restriction (max I/O toggle rate) ;
+------------+-----------------+------------+---------------------------------------------------------------+
This panel reports FMAX for every clock in the design, regardless of the user-specified clock periods.  FMAX is only computed for paths where the source and destination registers or ports are driven by the same clock.  Paths of different clocks, including generated clocks, are ignored.  For paths between a clock and its inversion, FMAX is computed as if the rising and falling edges are scaled along with FMAX, such that the duty cycle (in terms of a percentage) is maintained. Altera recommends that you always use clock constraints and other slack reports for sign-off analysis.


+-----------------------------------------------------------+
; Slow Model Setup Summary                                  ;
+----------------------------------+--------+---------------+
; Clock                            ; Slack  ; End Point TNS ;
+----------------------------------+--------+---------------+
; inst|altpll_component|pll|clk[0] ; -2.863 ; -8.577        ;
; BTN                              ; -0.411 ; -0.453        ;
+----------------------------------+--------+---------------+


+----------------------------------------------------------+
; Slow Model Hold Summary                                  ;
+----------------------------------+-------+---------------+
; Clock                            ; Slack ; End Point TNS ;
+----------------------------------+-------+---------------+
; BTN                              ; 0.499 ; 0.000         ;
; inst|altpll_component|pll|clk[0] ; 3.591 ; 0.000         ;
+----------------------------------+-------+---------------+


-------------------------------
; Slow Model Recovery Summary ;
-------------------------------
No paths to report.


------------------------------
; Slow Model Removal Summary ;
------------------------------
No paths to report.


+-----------------------------------------------------------+
; Slow Model Minimum Pulse Width Summary                    ;
+----------------------------------+--------+---------------+
; Clock                            ; Slack  ; End Point TNS ;
+----------------------------------+--------+---------------+
; BTN                              ; -1.777 ; -6.229        ;
; inst|altpll_component|pll|clk[0] ; 0.758  ; 0.000         ;
; CLK                              ; 10.000 ; 0.000         ;
+----------------------------------+--------+---------------+


+-----------------------------------------------------------------------------------------------------------------------------------------------------------------------------+
; Slow Model Setup: 'inst|altpll_component|pll|clk[0]'                                                                                                                        ;
+--------+---------------------------------------+---------------------------------+--------------+----------------------------------+--------------+------------+------------+
; Slack  ; From Node                             ; To Node                         ; Launch Clock ; Latch Clock                      ; Relationship ; Clock Skew ; Data Delay ;
+--------+---------------------------------------+---------------------------------+--------------+----------------------------------+--------------+------------+------------+
; -2.863 ; GeneradorVideo:inst2|contadorColor[1] ; GeneradorVideo:inst2|greenData1 ; BTN          ; inst|altpll_component|pll|clk[0] ; 1.000        ; -2.838     ; 1.065      ;
; -2.857 ; GeneradorVideo:inst2|d2Red[9]         ; GeneradorVideo:inst2|redData2   ; BTN          ; inst|altpll_component|pll|clk[0] ; 1.000        ; -2.838     ; 1.059      ;
; -2.857 ; GeneradorVideo:inst2|contadorColor[0] ; GeneradorVideo:inst2|blueData0  ; BTN          ; inst|altpll_component|pll|clk[0] ; 1.000        ; -2.838     ; 1.059      ;
+--------+---------------------------------------+---------------------------------+--------------+----------------------------------+--------------+------------+------------+


+--------------------------------------------------------------------------------------------------------------------------------------------------------------+
; Slow Model Setup: 'BTN'                                                                                                                                      ;
+--------+---------------------------------------+---------------------------------------+--------------+-------------+--------------+------------+------------+
; Slack  ; From Node                             ; To Node                               ; Launch Clock ; Latch Clock ; Relationship ; Clock Skew ; Data Delay ;
+--------+---------------------------------------+---------------------------------------+--------------+-------------+--------------+------------+------------+
; -0.411 ; GeneradorVideo:inst2|contadorColor[0] ; GeneradorVideo:inst2|d2Red[9]         ; BTN          ; BTN         ; 1.000        ; 0.000      ; 1.451      ;
; -0.026 ; GeneradorVideo:inst2|contadorColor[1] ; GeneradorVideo:inst2|d2Red[9]         ; BTN          ; BTN         ; 1.000        ; 0.000      ; 1.066      ;
; -0.022 ; GeneradorVideo:inst2|contadorColor[1] ; GeneradorVideo:inst2|contadorColor[0] ; BTN          ; BTN         ; 1.000        ; 0.000      ; 1.062      ;
; -0.020 ; GeneradorVideo:inst2|contadorColor[0] ; GeneradorVideo:inst2|contadorColor[1] ; BTN          ; BTN         ; 1.000        ; 0.000      ; 1.060      ;
; 0.235  ; GeneradorVideo:inst2|d2Red[9]         ; GeneradorVideo:inst2|d2Red[9]         ; BTN          ; BTN         ; 1.000        ; 0.000      ; 0.805      ;
; 0.235  ; GeneradorVideo:inst2|contadorColor[0] ; GeneradorVideo:inst2|contadorColor[0] ; BTN          ; BTN         ; 1.000        ; 0.000      ; 0.805      ;
; 0.235  ; GeneradorVideo:inst2|contadorColor[1] ; GeneradorVideo:inst2|contadorColor[1] ; BTN          ; BTN         ; 1.000        ; 0.000      ; 0.805      ;
+--------+---------------------------------------+---------------------------------------+--------------+-------------+--------------+------------+------------+


+-------------------------------------------------------------------------------------------------------------------------------------------------------------+
; Slow Model Hold: 'BTN'                                                                                                                                      ;
+-------+---------------------------------------+---------------------------------------+--------------+-------------+--------------+------------+------------+
; Slack ; From Node                             ; To Node                               ; Launch Clock ; Latch Clock ; Relationship ; Clock Skew ; Data Delay ;
+-------+---------------------------------------+---------------------------------------+--------------+-------------+--------------+------------+------------+
; 0.499 ; GeneradorVideo:inst2|contadorColor[0] ; GeneradorVideo:inst2|contadorColor[0] ; BTN          ; BTN         ; 0.000        ; 0.000      ; 0.805      ;
; 0.499 ; GeneradorVideo:inst2|contadorColor[1] ; GeneradorVideo:inst2|contadorColor[1] ; BTN          ; BTN         ; 0.000        ; 0.000      ; 0.805      ;
; 0.499 ; GeneradorVideo:inst2|d2Red[9]         ; GeneradorVideo:inst2|d2Red[9]         ; BTN          ; BTN         ; 0.000        ; 0.000      ; 0.805      ;
; 0.754 ; GeneradorVideo:inst2|contadorColor[0] ; GeneradorVideo:inst2|contadorColor[1] ; BTN          ; BTN         ; 0.000        ; 0.000      ; 1.060      ;
; 0.756 ; GeneradorVideo:inst2|contadorColor[1] ; GeneradorVideo:inst2|contadorColor[0] ; BTN          ; BTN         ; 0.000        ; 0.000      ; 1.062      ;
; 0.760 ; GeneradorVideo:inst2|contadorColor[1] ; GeneradorVideo:inst2|d2Red[9]         ; BTN          ; BTN         ; 0.000        ; 0.000      ; 1.066      ;
; 1.145 ; GeneradorVideo:inst2|contadorColor[0] ; GeneradorVideo:inst2|d2Red[9]         ; BTN          ; BTN         ; 0.000        ; 0.000      ; 1.451      ;
+-------+---------------------------------------+---------------------------------------+--------------+-------------+--------------+------------+------------+


+----------------------------------------------------------------------------------------------------------------------------------------------------------------------------+
; Slow Model Hold: 'inst|altpll_component|pll|clk[0]'                                                                                                                        ;
+-------+---------------------------------------+---------------------------------+--------------+----------------------------------+--------------+------------+------------+
; Slack ; From Node                             ; To Node                         ; Launch Clock ; Latch Clock                      ; Relationship ; Clock Skew ; Data Delay ;
+-------+---------------------------------------+---------------------------------+--------------+----------------------------------+--------------+------------+------------+
; 3.591 ; GeneradorVideo:inst2|d2Red[9]         ; GeneradorVideo:inst2|redData2   ; BTN          ; inst|altpll_component|pll|clk[0] ; 0.000        ; -2.838     ; 1.059      ;
; 3.591 ; GeneradorVideo:inst2|contadorColor[0] ; GeneradorVideo:inst2|blueData0  ; BTN          ; inst|altpll_component|pll|clk[0] ; 0.000        ; -2.838     ; 1.059      ;
; 3.597 ; GeneradorVideo:inst2|contadorColor[1] ; GeneradorVideo:inst2|greenData1 ; BTN          ; inst|altpll_component|pll|clk[0] ; 0.000        ; -2.838     ; 1.065      ;
+-------+---------------------------------------+---------------------------------+--------------+----------------------------------+--------------+------------+------------+


+------------------------------------------------------------------------------------------------------------------------+
; Slow Model Minimum Pulse Width: 'BTN'                                                                                  ;
+--------+--------------+----------------+------------------+-------+------------+---------------------------------------+
; Slack  ; Actual Width ; Required Width ; Type             ; Clock ; Clock Edge ; Target                                ;
+--------+--------------+----------------+------------------+-------+------------+---------------------------------------+
; -1.777 ; 1.000        ; 2.777          ; Port Rate        ; BTN   ; Rise       ; BTN                                   ;
; -0.742 ; 0.500        ; 1.242          ; High Pulse Width ; BTN   ; Rise       ; GeneradorVideo:inst2|contadorColor[0] ;
; -0.742 ; 0.500        ; 1.242          ; Low Pulse Width  ; BTN   ; Rise       ; GeneradorVideo:inst2|contadorColor[0] ;
; -0.742 ; 0.500        ; 1.242          ; High Pulse Width ; BTN   ; Rise       ; GeneradorVideo:inst2|contadorColor[1] ;
; -0.742 ; 0.500        ; 1.242          ; Low Pulse Width  ; BTN   ; Rise       ; GeneradorVideo:inst2|contadorColor[1] ;
; -0.742 ; 0.500        ; 1.242          ; High Pulse Width ; BTN   ; Rise       ; GeneradorVideo:inst2|d2Red[9]         ;
; -0.742 ; 0.500        ; 1.242          ; Low Pulse Width  ; BTN   ; Rise       ; GeneradorVideo:inst2|d2Red[9]         ;
; 0.500  ; 0.500        ; 0.000          ; High Pulse Width ; BTN   ; Rise       ; BTN|combout                           ;
; 0.500  ; 0.500        ; 0.000          ; Low Pulse Width  ; BTN   ; Rise       ; BTN|combout                           ;
; 0.500  ; 0.500        ; 0.000          ; High Pulse Width ; BTN   ; Rise       ; inst2|contadorColor[0]|clk            ;
; 0.500  ; 0.500        ; 0.000          ; Low Pulse Width  ; BTN   ; Rise       ; inst2|contadorColor[0]|clk            ;
; 0.500  ; 0.500        ; 0.000          ; High Pulse Width ; BTN   ; Rise       ; inst2|contadorColor[1]|clk            ;
; 0.500  ; 0.500        ; 0.000          ; Low Pulse Width  ; BTN   ; Rise       ; inst2|contadorColor[1]|clk            ;
; 0.500  ; 0.500        ; 0.000          ; High Pulse Width ; BTN   ; Rise       ; inst2|d2Red[9]|clk                    ;
; 0.500  ; 0.500        ; 0.000          ; Low Pulse Width  ; BTN   ; Rise       ; inst2|d2Red[9]|clk                    ;
+--------+--------------+----------------+------------------+-------+------------+---------------------------------------+


+---------------------------------------------------------------------------------------------------------------------------------------------------------+
; Slow Model Minimum Pulse Width: 'inst|altpll_component|pll|clk[0]'                                                                                      ;
+-------+--------------+----------------+------------------+----------------------------------+------------+----------------------------------------------+
; Slack ; Actual Width ; Required Width ; Type             ; Clock                            ; Clock Edge ; Target                                       ;
+-------+--------------+----------------+------------------+----------------------------------+------------+----------------------------------------------+
; 0.758 ; 2.000        ; 1.242          ; High Pulse Width ; inst|altpll_component|pll|clk[0] ; Rise       ; GeneradorVideo:inst2|blueData0               ;
; 0.758 ; 2.000        ; 1.242          ; Low Pulse Width  ; inst|altpll_component|pll|clk[0] ; Rise       ; GeneradorVideo:inst2|blueData0               ;
; 0.758 ; 2.000        ; 1.242          ; High Pulse Width ; inst|altpll_component|pll|clk[0] ; Rise       ; GeneradorVideo:inst2|greenData1              ;
; 0.758 ; 2.000        ; 1.242          ; Low Pulse Width  ; inst|altpll_component|pll|clk[0] ; Rise       ; GeneradorVideo:inst2|greenData1              ;
; 0.758 ; 2.000        ; 1.242          ; High Pulse Width ; inst|altpll_component|pll|clk[0] ; Rise       ; GeneradorVideo:inst2|redData2                ;
; 0.758 ; 2.000        ; 1.242          ; Low Pulse Width  ; inst|altpll_component|pll|clk[0] ; Rise       ; GeneradorVideo:inst2|redData2                ;
; 2.000 ; 2.000        ; 0.000          ; High Pulse Width ; inst|altpll_component|pll|clk[0] ; Rise       ; inst2|blueData0|clk                          ;
; 2.000 ; 2.000        ; 0.000          ; Low Pulse Width  ; inst|altpll_component|pll|clk[0] ; Rise       ; inst2|blueData0|clk                          ;
; 2.000 ; 2.000        ; 0.000          ; High Pulse Width ; inst|altpll_component|pll|clk[0] ; Rise       ; inst2|greenData1|clk                         ;
; 2.000 ; 2.000        ; 0.000          ; Low Pulse Width  ; inst|altpll_component|pll|clk[0] ; Rise       ; inst2|greenData1|clk                         ;
; 2.000 ; 2.000        ; 0.000          ; High Pulse Width ; inst|altpll_component|pll|clk[0] ; Rise       ; inst2|redData2|clk                           ;
; 2.000 ; 2.000        ; 0.000          ; Low Pulse Width  ; inst|altpll_component|pll|clk[0] ; Rise       ; inst2|redData2|clk                           ;
; 2.000 ; 2.000        ; 0.000          ; High Pulse Width ; inst|altpll_component|pll|clk[0] ; Rise       ; inst|altpll_component|_clk0~clkctrl|inclk[0] ;
; 2.000 ; 2.000        ; 0.000          ; Low Pulse Width  ; inst|altpll_component|pll|clk[0] ; Rise       ; inst|altpll_component|_clk0~clkctrl|inclk[0] ;
; 2.000 ; 2.000        ; 0.000          ; High Pulse Width ; inst|altpll_component|pll|clk[0] ; Rise       ; inst|altpll_component|_clk0~clkctrl|outclk   ;
; 2.000 ; 2.000        ; 0.000          ; Low Pulse Width  ; inst|altpll_component|pll|clk[0] ; Rise       ; inst|altpll_component|_clk0~clkctrl|outclk   ;
+-------+--------------+----------------+------------------+----------------------------------+------------+----------------------------------------------+


+---------------------------------------------------------------------------------------------------------------------+
; Slow Model Minimum Pulse Width: 'CLK'                                                                               ;
+--------+--------------+----------------+------------------+-------+------------+------------------------------------+
; Slack  ; Actual Width ; Required Width ; Type             ; Clock ; Clock Edge ; Target                             ;
+--------+--------------+----------------+------------------+-------+------------+------------------------------------+
; 10.000 ; 10.000       ; 0.000          ; High Pulse Width ; CLK   ; Rise       ; CLK|combout                        ;
; 10.000 ; 10.000       ; 0.000          ; Low Pulse Width  ; CLK   ; Rise       ; CLK|combout                        ;
; 10.000 ; 10.000       ; 0.000          ; High Pulse Width ; CLK   ; Rise       ; inst|altpll_component|pll|clk[0]   ;
; 10.000 ; 10.000       ; 0.000          ; Low Pulse Width  ; CLK   ; Rise       ; inst|altpll_component|pll|clk[0]   ;
; 10.000 ; 10.000       ; 0.000          ; High Pulse Width ; CLK   ; Rise       ; inst|altpll_component|pll|inclk[0] ;
; 10.000 ; 10.000       ; 0.000          ; Low Pulse Width  ; CLK   ; Rise       ; inst|altpll_component|pll|inclk[0] ;
; 17.059 ; 20.000       ; 2.941          ; Port Rate        ; CLK   ; Rise       ; CLK                                ;
+--------+--------------+----------------+------------------+-------+------------+------------------------------------+


+---------------------------------------------------------------------------------------------+
; Clock to Output Times                                                                       ;
+----------------+------------+-------+-------+------------+----------------------------------+
; Data Port      ; Clock Port ; Rise  ; Fall  ; Clock Edge ; Clock Reference                  ;
+----------------+------------+-------+-------+------------+----------------------------------+
; NOT_data0Blue  ; CLK        ; 5.224 ; 5.224 ; Rise       ; inst|altpll_component|pll|clk[0] ;
; NOT_data1Green ; CLK        ; 5.416 ; 5.416 ; Rise       ; inst|altpll_component|pll|clk[0] ;
; NOT_data2Red   ; CLK        ; 5.360 ; 5.360 ; Rise       ; inst|altpll_component|pll|clk[0] ;
; data0Blue      ; CLK        ; 5.224 ; 5.224 ; Rise       ; inst|altpll_component|pll|clk[0] ;
; data1Green     ; CLK        ; 5.416 ; 5.416 ; Rise       ; inst|altpll_component|pll|clk[0] ;
; data2Red       ; CLK        ; 5.350 ; 5.350 ; Rise       ; inst|altpll_component|pll|clk[0] ;
+----------------+------------+-------+-------+------------+----------------------------------+


+---------------------------------------------------------------------------------------------+
; Minimum Clock to Output Times                                                               ;
+----------------+------------+-------+-------+------------+----------------------------------+
; Data Port      ; Clock Port ; Rise  ; Fall  ; Clock Edge ; Clock Reference                  ;
+----------------+------------+-------+-------+------------+----------------------------------+
; NOT_data0Blue  ; CLK        ; 5.224 ; 5.224 ; Rise       ; inst|altpll_component|pll|clk[0] ;
; NOT_data1Green ; CLK        ; 5.416 ; 5.416 ; Rise       ; inst|altpll_component|pll|clk[0] ;
; NOT_data2Red   ; CLK        ; 5.360 ; 5.360 ; Rise       ; inst|altpll_component|pll|clk[0] ;
; data0Blue      ; CLK        ; 5.224 ; 5.224 ; Rise       ; inst|altpll_component|pll|clk[0] ;
; data1Green     ; CLK        ; 5.416 ; 5.416 ; Rise       ; inst|altpll_component|pll|clk[0] ;
; data2Red       ; CLK        ; 5.350 ; 5.350 ; Rise       ; inst|altpll_component|pll|clk[0] ;
+----------------+------------+-------+-------+------------+----------------------------------+


+-----------------------------------------------------------+
; Fast Model Setup Summary                                  ;
+----------------------------------+--------+---------------+
; Clock                            ; Slack  ; End Point TNS ;
+----------------------------------+--------+---------------+
; inst|altpll_component|pll|clk[0] ; -0.779 ; -2.333        ;
; BTN                              ; 0.516  ; 0.000         ;
+----------------------------------+--------+---------------+


+----------------------------------------------------------+
; Fast Model Hold Summary                                  ;
+----------------------------------+-------+---------------+
; Clock                            ; Slack ; End Point TNS ;
+----------------------------------+-------+---------------+
; BTN                              ; 0.215 ; 0.000         ;
; inst|altpll_component|pll|clk[0] ; 1.657 ; 0.000         ;
+----------------------------------+-------+---------------+


-------------------------------
; Fast Model Recovery Summary ;
-------------------------------
No paths to report.


------------------------------
; Fast Model Removal Summary ;
------------------------------
No paths to report.


+-----------------------------------------------------------+
; Fast Model Minimum Pulse Width Summary                    ;
+----------------------------------+--------+---------------+
; Clock                            ; Slack  ; End Point TNS ;
+----------------------------------+--------+---------------+
; BTN                              ; -1.222 ; -4.222        ;
; inst|altpll_component|pll|clk[0] ; 1.000  ; 0.000         ;
; CLK                              ; 10.000 ; 0.000         ;
+----------------------------------+--------+---------------+


+-----------------------------------------------------------------------------------------------------------------------------------------------------------------------------+
; Fast Model Setup: 'inst|altpll_component|pll|clk[0]'                                                                                                                        ;
+--------+---------------------------------------+---------------------------------+--------------+----------------------------------+--------------+------------+------------+
; Slack  ; From Node                             ; To Node                         ; Launch Clock ; Latch Clock                      ; Relationship ; Clock Skew ; Data Delay ;
+--------+---------------------------------------+---------------------------------+--------------+----------------------------------+--------------+------------+------------+
; -0.779 ; GeneradorVideo:inst2|contadorColor[1] ; GeneradorVideo:inst2|greenData1 ; BTN          ; inst|altpll_component|pll|clk[0] ; 1.000        ; -1.412     ; 0.399      ;
; -0.777 ; GeneradorVideo:inst2|d2Red[9]         ; GeneradorVideo:inst2|redData2   ; BTN          ; inst|altpll_component|pll|clk[0] ; 1.000        ; -1.412     ; 0.397      ;
; -0.777 ; GeneradorVideo:inst2|contadorColor[0] ; GeneradorVideo:inst2|blueData0  ; BTN          ; inst|altpll_component|pll|clk[0] ; 1.000        ; -1.412     ; 0.397      ;
+--------+---------------------------------------+---------------------------------+--------------+----------------------------------+--------------+------------+------------+


+-------------------------------------------------------------------------------------------------------------------------------------------------------------+
; Fast Model Setup: 'BTN'                                                                                                                                     ;
+-------+---------------------------------------+---------------------------------------+--------------+-------------+--------------+------------+------------+
; Slack ; From Node                             ; To Node                               ; Launch Clock ; Latch Clock ; Relationship ; Clock Skew ; Data Delay ;
+-------+---------------------------------------+---------------------------------------+--------------+-------------+--------------+------------+------------+
; 0.516 ; GeneradorVideo:inst2|contadorColor[0] ; GeneradorVideo:inst2|d2Red[9]         ; BTN          ; BTN         ; 1.000        ; 0.000      ; 0.516      ;
; 0.632 ; GeneradorVideo:inst2|contadorColor[1] ; GeneradorVideo:inst2|contadorColor[0] ; BTN          ; BTN         ; 1.000        ; 0.000      ; 0.400      ;
; 0.632 ; GeneradorVideo:inst2|contadorColor[1] ; GeneradorVideo:inst2|d2Red[9]         ; BTN          ; BTN         ; 1.000        ; 0.000      ; 0.400      ;
; 0.635 ; GeneradorVideo:inst2|contadorColor[0] ; GeneradorVideo:inst2|contadorColor[1] ; BTN          ; BTN         ; 1.000        ; 0.000      ; 0.397      ;
; 0.665 ; GeneradorVideo:inst2|d2Red[9]         ; GeneradorVideo:inst2|d2Red[9]         ; BTN          ; BTN         ; 1.000        ; 0.000      ; 0.367      ;
; 0.665 ; GeneradorVideo:inst2|contadorColor[0] ; GeneradorVideo:inst2|contadorColor[0] ; BTN          ; BTN         ; 1.000        ; 0.000      ; 0.367      ;
; 0.665 ; GeneradorVideo:inst2|contadorColor[1] ; GeneradorVideo:inst2|contadorColor[1] ; BTN          ; BTN         ; 1.000        ; 0.000      ; 0.367      ;
+-------+---------------------------------------+---------------------------------------+--------------+-------------+--------------+------------+------------+


+-------------------------------------------------------------------------------------------------------------------------------------------------------------+
; Fast Model Hold: 'BTN'                                                                                                                                      ;
+-------+---------------------------------------+---------------------------------------+--------------+-------------+--------------+------------+------------+
; Slack ; From Node                             ; To Node                               ; Launch Clock ; Latch Clock ; Relationship ; Clock Skew ; Data Delay ;
+-------+---------------------------------------+---------------------------------------+--------------+-------------+--------------+------------+------------+
; 0.215 ; GeneradorVideo:inst2|contadorColor[0] ; GeneradorVideo:inst2|contadorColor[0] ; BTN          ; BTN         ; 0.000        ; 0.000      ; 0.367      ;
; 0.215 ; GeneradorVideo:inst2|contadorColor[1] ; GeneradorVideo:inst2|contadorColor[1] ; BTN          ; BTN         ; 0.000        ; 0.000      ; 0.367      ;
; 0.215 ; GeneradorVideo:inst2|d2Red[9]         ; GeneradorVideo:inst2|d2Red[9]         ; BTN          ; BTN         ; 0.000        ; 0.000      ; 0.367      ;
; 0.245 ; GeneradorVideo:inst2|contadorColor[0] ; GeneradorVideo:inst2|contadorColor[1] ; BTN          ; BTN         ; 0.000        ; 0.000      ; 0.397      ;
; 0.248 ; GeneradorVideo:inst2|contadorColor[1] ; GeneradorVideo:inst2|contadorColor[0] ; BTN          ; BTN         ; 0.000        ; 0.000      ; 0.400      ;
; 0.248 ; GeneradorVideo:inst2|contadorColor[1] ; GeneradorVideo:inst2|d2Red[9]         ; BTN          ; BTN         ; 0.000        ; 0.000      ; 0.400      ;
; 0.364 ; GeneradorVideo:inst2|contadorColor[0] ; GeneradorVideo:inst2|d2Red[9]         ; BTN          ; BTN         ; 0.000        ; 0.000      ; 0.516      ;
+-------+---------------------------------------+---------------------------------------+--------------+-------------+--------------+------------+------------+


+----------------------------------------------------------------------------------------------------------------------------------------------------------------------------+
; Fast Model Hold: 'inst|altpll_component|pll|clk[0]'                                                                                                                        ;
+-------+---------------------------------------+---------------------------------+--------------+----------------------------------+--------------+------------+------------+
; Slack ; From Node                             ; To Node                         ; Launch Clock ; Latch Clock                      ; Relationship ; Clock Skew ; Data Delay ;
+-------+---------------------------------------+---------------------------------+--------------+----------------------------------+--------------+------------+------------+
; 1.657 ; GeneradorVideo:inst2|d2Red[9]         ; GeneradorVideo:inst2|redData2   ; BTN          ; inst|altpll_component|pll|clk[0] ; 0.000        ; -1.412     ; 0.397      ;
; 1.657 ; GeneradorVideo:inst2|contadorColor[0] ; GeneradorVideo:inst2|blueData0  ; BTN          ; inst|altpll_component|pll|clk[0] ; 0.000        ; -1.412     ; 0.397      ;
; 1.659 ; GeneradorVideo:inst2|contadorColor[1] ; GeneradorVideo:inst2|greenData1 ; BTN          ; inst|altpll_component|pll|clk[0] ; 0.000        ; -1.412     ; 0.399      ;
+-------+---------------------------------------+---------------------------------+--------------+----------------------------------+--------------+------------+------------+


+------------------------------------------------------------------------------------------------------------------------+
; Fast Model Minimum Pulse Width: 'BTN'                                                                                  ;
+--------+--------------+----------------+------------------+-------+------------+---------------------------------------+
; Slack  ; Actual Width ; Required Width ; Type             ; Clock ; Clock Edge ; Target                                ;
+--------+--------------+----------------+------------------+-------+------------+---------------------------------------+
; -1.222 ; 1.000        ; 2.222          ; Port Rate        ; BTN   ; Rise       ; BTN                                   ;
; -0.500 ; 0.500        ; 1.000          ; High Pulse Width ; BTN   ; Rise       ; GeneradorVideo:inst2|contadorColor[0] ;
; -0.500 ; 0.500        ; 1.000          ; Low Pulse Width  ; BTN   ; Rise       ; GeneradorVideo:inst2|contadorColor[0] ;
; -0.500 ; 0.500        ; 1.000          ; High Pulse Width ; BTN   ; Rise       ; GeneradorVideo:inst2|contadorColor[1] ;
; -0.500 ; 0.500        ; 1.000          ; Low Pulse Width  ; BTN   ; Rise       ; GeneradorVideo:inst2|contadorColor[1] ;
; -0.500 ; 0.500        ; 1.000          ; High Pulse Width ; BTN   ; Rise       ; GeneradorVideo:inst2|d2Red[9]         ;
; -0.500 ; 0.500        ; 1.000          ; Low Pulse Width  ; BTN   ; Rise       ; GeneradorVideo:inst2|d2Red[9]         ;
; 0.500  ; 0.500        ; 0.000          ; High Pulse Width ; BTN   ; Rise       ; BTN|combout                           ;
; 0.500  ; 0.500        ; 0.000          ; Low Pulse Width  ; BTN   ; Rise       ; BTN|combout                           ;
; 0.500  ; 0.500        ; 0.000          ; High Pulse Width ; BTN   ; Rise       ; inst2|contadorColor[0]|clk            ;
; 0.500  ; 0.500        ; 0.000          ; Low Pulse Width  ; BTN   ; Rise       ; inst2|contadorColor[0]|clk            ;
; 0.500  ; 0.500        ; 0.000          ; High Pulse Width ; BTN   ; Rise       ; inst2|contadorColor[1]|clk            ;
; 0.500  ; 0.500        ; 0.000          ; Low Pulse Width  ; BTN   ; Rise       ; inst2|contadorColor[1]|clk            ;
; 0.500  ; 0.500        ; 0.000          ; High Pulse Width ; BTN   ; Rise       ; inst2|d2Red[9]|clk                    ;
; 0.500  ; 0.500        ; 0.000          ; Low Pulse Width  ; BTN   ; Rise       ; inst2|d2Red[9]|clk                    ;
+--------+--------------+----------------+------------------+-------+------------+---------------------------------------+


+---------------------------------------------------------------------------------------------------------------------------------------------------------+
; Fast Model Minimum Pulse Width: 'inst|altpll_component|pll|clk[0]'                                                                                      ;
+-------+--------------+----------------+------------------+----------------------------------+------------+----------------------------------------------+
; Slack ; Actual Width ; Required Width ; Type             ; Clock                            ; Clock Edge ; Target                                       ;
+-------+--------------+----------------+------------------+----------------------------------+------------+----------------------------------------------+
; 1.000 ; 2.000        ; 1.000          ; High Pulse Width ; inst|altpll_component|pll|clk[0] ; Rise       ; GeneradorVideo:inst2|blueData0               ;
; 1.000 ; 2.000        ; 1.000          ; Low Pulse Width  ; inst|altpll_component|pll|clk[0] ; Rise       ; GeneradorVideo:inst2|blueData0               ;
; 1.000 ; 2.000        ; 1.000          ; High Pulse Width ; inst|altpll_component|pll|clk[0] ; Rise       ; GeneradorVideo:inst2|greenData1              ;
; 1.000 ; 2.000        ; 1.000          ; Low Pulse Width  ; inst|altpll_component|pll|clk[0] ; Rise       ; GeneradorVideo:inst2|greenData1              ;
; 1.000 ; 2.000        ; 1.000          ; High Pulse Width ; inst|altpll_component|pll|clk[0] ; Rise       ; GeneradorVideo:inst2|redData2                ;
; 1.000 ; 2.000        ; 1.000          ; Low Pulse Width  ; inst|altpll_component|pll|clk[0] ; Rise       ; GeneradorVideo:inst2|redData2                ;
; 2.000 ; 2.000        ; 0.000          ; High Pulse Width ; inst|altpll_component|pll|clk[0] ; Rise       ; inst2|blueData0|clk                          ;
; 2.000 ; 2.000        ; 0.000          ; Low Pulse Width  ; inst|altpll_component|pll|clk[0] ; Rise       ; inst2|blueData0|clk                          ;
; 2.000 ; 2.000        ; 0.000          ; High Pulse Width ; inst|altpll_component|pll|clk[0] ; Rise       ; inst2|greenData1|clk                         ;
; 2.000 ; 2.000        ; 0.000          ; Low Pulse Width  ; inst|altpll_component|pll|clk[0] ; Rise       ; inst2|greenData1|clk                         ;
; 2.000 ; 2.000        ; 0.000          ; High Pulse Width ; inst|altpll_component|pll|clk[0] ; Rise       ; inst2|redData2|clk                           ;
; 2.000 ; 2.000        ; 0.000          ; Low Pulse Width  ; inst|altpll_component|pll|clk[0] ; Rise       ; inst2|redData2|clk                           ;
; 2.000 ; 2.000        ; 0.000          ; High Pulse Width ; inst|altpll_component|pll|clk[0] ; Rise       ; inst|altpll_component|_clk0~clkctrl|inclk[0] ;
; 2.000 ; 2.000        ; 0.000          ; Low Pulse Width  ; inst|altpll_component|pll|clk[0] ; Rise       ; inst|altpll_component|_clk0~clkctrl|inclk[0] ;
; 2.000 ; 2.000        ; 0.000          ; High Pulse Width ; inst|altpll_component|pll|clk[0] ; Rise       ; inst|altpll_component|_clk0~clkctrl|outclk   ;
; 2.000 ; 2.000        ; 0.000          ; Low Pulse Width  ; inst|altpll_component|pll|clk[0] ; Rise       ; inst|altpll_component|_clk0~clkctrl|outclk   ;
+-------+--------------+----------------+------------------+----------------------------------+------------+----------------------------------------------+


+---------------------------------------------------------------------------------------------------------------------+
; Fast Model Minimum Pulse Width: 'CLK'                                                                               ;
+--------+--------------+----------------+------------------+-------+------------+------------------------------------+
; Slack  ; Actual Width ; Required Width ; Type             ; Clock ; Clock Edge ; Target                             ;
+--------+--------------+----------------+------------------+-------+------------+------------------------------------+
; 10.000 ; 10.000       ; 0.000          ; High Pulse Width ; CLK   ; Rise       ; CLK|combout                        ;
; 10.000 ; 10.000       ; 0.000          ; Low Pulse Width  ; CLK   ; Rise       ; CLK|combout                        ;
; 10.000 ; 10.000       ; 0.000          ; High Pulse Width ; CLK   ; Rise       ; inst|altpll_component|pll|clk[0]   ;
; 10.000 ; 10.000       ; 0.000          ; Low Pulse Width  ; CLK   ; Rise       ; inst|altpll_component|pll|clk[0]   ;
; 10.000 ; 10.000       ; 0.000          ; High Pulse Width ; CLK   ; Rise       ; inst|altpll_component|pll|inclk[0] ;
; 10.000 ; 10.000       ; 0.000          ; Low Pulse Width  ; CLK   ; Rise       ; inst|altpll_component|pll|inclk[0] ;
; 17.620 ; 20.000       ; 2.380          ; Port Rate        ; CLK   ; Rise       ; CLK                                ;
+--------+--------------+----------------+------------------+-------+------------+------------------------------------+


+---------------------------------------------------------------------------------------------+
; Clock to Output Times                                                                       ;
+----------------+------------+-------+-------+------------+----------------------------------+
; Data Port      ; Clock Port ; Rise  ; Fall  ; Clock Edge ; Clock Reference                  ;
+----------------+------------+-------+-------+------------+----------------------------------+
; NOT_data0Blue  ; CLK        ; 2.136 ; 2.136 ; Rise       ; inst|altpll_component|pll|clk[0] ;
; NOT_data1Green ; CLK        ; 2.263 ; 2.263 ; Rise       ; inst|altpll_component|pll|clk[0] ;
; NOT_data2Red   ; CLK        ; 2.230 ; 2.230 ; Rise       ; inst|altpll_component|pll|clk[0] ;
; data0Blue      ; CLK        ; 2.136 ; 2.136 ; Rise       ; inst|altpll_component|pll|clk[0] ;
; data1Green     ; CLK        ; 2.263 ; 2.263 ; Rise       ; inst|altpll_component|pll|clk[0] ;
; data2Red       ; CLK        ; 2.220 ; 2.220 ; Rise       ; inst|altpll_component|pll|clk[0] ;
+----------------+------------+-------+-------+------------+----------------------------------+


+---------------------------------------------------------------------------------------------+
; Minimum Clock to Output Times                                                               ;
+----------------+------------+-------+-------+------------+----------------------------------+
; Data Port      ; Clock Port ; Rise  ; Fall  ; Clock Edge ; Clock Reference                  ;
+----------------+------------+-------+-------+------------+----------------------------------+
; NOT_data0Blue  ; CLK        ; 2.136 ; 2.136 ; Rise       ; inst|altpll_component|pll|clk[0] ;
; NOT_data1Green ; CLK        ; 2.263 ; 2.263 ; Rise       ; inst|altpll_component|pll|clk[0] ;
; NOT_data2Red   ; CLK        ; 2.230 ; 2.230 ; Rise       ; inst|altpll_component|pll|clk[0] ;
; data0Blue      ; CLK        ; 2.136 ; 2.136 ; Rise       ; inst|altpll_component|pll|clk[0] ;
; data1Green     ; CLK        ; 2.263 ; 2.263 ; Rise       ; inst|altpll_component|pll|clk[0] ;
; data2Red       ; CLK        ; 2.220 ; 2.220 ; Rise       ; inst|altpll_component|pll|clk[0] ;
+----------------+------------+-------+-------+------------+----------------------------------+


+-----------------------------------------------------------------------------------------------+
; Multicorner Timing Analysis Summary                                                           ;
+-----------------------------------+--------+-------+----------+---------+---------------------+
; Clock                             ; Setup  ; Hold  ; Recovery ; Removal ; Minimum Pulse Width ;
+-----------------------------------+--------+-------+----------+---------+---------------------+
; Worst-case Slack                  ; -2.863 ; 0.215 ; N/A      ; N/A     ; -1.777              ;
;  BTN                              ; -0.411 ; 0.215 ; N/A      ; N/A     ; -1.777              ;
;  CLK                              ; N/A    ; N/A   ; N/A      ; N/A     ; 10.000              ;
;  inst|altpll_component|pll|clk[0] ; -2.863 ; 1.657 ; N/A      ; N/A     ; 0.758               ;
; Design-wide TNS                   ; -9.03  ; 0.0   ; 0.0      ; 0.0     ; -6.229              ;
;  BTN                              ; -0.453 ; 0.000 ; N/A      ; N/A     ; -6.229              ;
;  CLK                              ; N/A    ; N/A   ; N/A      ; N/A     ; 0.000               ;
;  inst|altpll_component|pll|clk[0] ; -8.577 ; 0.000 ; N/A      ; N/A     ; 0.000               ;
+-----------------------------------+--------+-------+----------+---------+---------------------+


+---------------------------------------------------------------------------------------------+
; Clock to Output Times                                                                       ;
+----------------+------------+-------+-------+------------+----------------------------------+
; Data Port      ; Clock Port ; Rise  ; Fall  ; Clock Edge ; Clock Reference                  ;
+----------------+------------+-------+-------+------------+----------------------------------+
; NOT_data0Blue  ; CLK        ; 5.224 ; 5.224 ; Rise       ; inst|altpll_component|pll|clk[0] ;
; NOT_data1Green ; CLK        ; 5.416 ; 5.416 ; Rise       ; inst|altpll_component|pll|clk[0] ;
; NOT_data2Red   ; CLK        ; 5.360 ; 5.360 ; Rise       ; inst|altpll_component|pll|clk[0] ;
; data0Blue      ; CLK        ; 5.224 ; 5.224 ; Rise       ; inst|altpll_component|pll|clk[0] ;
; data1Green     ; CLK        ; 5.416 ; 5.416 ; Rise       ; inst|altpll_component|pll|clk[0] ;
; data2Red       ; CLK        ; 5.350 ; 5.350 ; Rise       ; inst|altpll_component|pll|clk[0] ;
+----------------+------------+-------+-------+------------+----------------------------------+


+---------------------------------------------------------------------------------------------+
; Minimum Clock to Output Times                                                               ;
+----------------+------------+-------+-------+------------+----------------------------------+
; Data Port      ; Clock Port ; Rise  ; Fall  ; Clock Edge ; Clock Reference                  ;
+----------------+------------+-------+-------+------------+----------------------------------+
; NOT_data0Blue  ; CLK        ; 2.136 ; 2.136 ; Rise       ; inst|altpll_component|pll|clk[0] ;
; NOT_data1Green ; CLK        ; 2.263 ; 2.263 ; Rise       ; inst|altpll_component|pll|clk[0] ;
; NOT_data2Red   ; CLK        ; 2.230 ; 2.230 ; Rise       ; inst|altpll_component|pll|clk[0] ;
; data0Blue      ; CLK        ; 2.136 ; 2.136 ; Rise       ; inst|altpll_component|pll|clk[0] ;
; data1Green     ; CLK        ; 2.263 ; 2.263 ; Rise       ; inst|altpll_component|pll|clk[0] ;
; data2Red       ; CLK        ; 2.220 ; 2.220 ; Rise       ; inst|altpll_component|pll|clk[0] ;
+----------------+------------+-------+-------+------------+----------------------------------+


+-------------------------------------------------------------------------------------------+
; Setup Transfers                                                                           ;
+------------+----------------------------------+----------+----------+----------+----------+
; From Clock ; To Clock                         ; RR Paths ; FR Paths ; RF Paths ; FF Paths ;
+------------+----------------------------------+----------+----------+----------+----------+
; BTN        ; BTN                              ; 7        ; 0        ; 0        ; 0        ;
; BTN        ; inst|altpll_component|pll|clk[0] ; 3        ; 0        ; 0        ; 0        ;
+------------+----------------------------------+----------+----------+----------+----------+
Entries labeled "false path" only account for clock-to-clock false paths and not path-based false paths. As a result, actual path counts may be lower than reported.


+-------------------------------------------------------------------------------------------+
; Hold Transfers                                                                            ;
+------------+----------------------------------+----------+----------+----------+----------+
; From Clock ; To Clock                         ; RR Paths ; FR Paths ; RF Paths ; FF Paths ;
+------------+----------------------------------+----------+----------+----------+----------+
; BTN        ; BTN                              ; 7        ; 0        ; 0        ; 0        ;
; BTN        ; inst|altpll_component|pll|clk[0] ; 3        ; 0        ; 0        ; 0        ;
+------------+----------------------------------+----------+----------+----------+----------+
Entries labeled "false path" only account for clock-to-clock false paths and not path-based false paths. As a result, actual path counts may be lower than reported.


---------------
; Report TCCS ;
---------------
No dedicated SERDES Transmitter circuitry present in device or used in design


---------------
; Report RSKM ;
---------------
No dedicated SERDES Receiver circuitry present in device or used in design


+------------------------------------------------+
; Unconstrained Paths                            ;
+---------------------------------+-------+------+
; Property                        ; Setup ; Hold ;
+---------------------------------+-------+------+
; Illegal Clocks                  ; 0     ; 0    ;
; Unconstrained Clocks            ; 0     ; 0    ;
; Unconstrained Input Ports       ; 0     ; 0    ;
; Unconstrained Input Port Paths  ; 0     ; 0    ;
; Unconstrained Output Ports      ; 6     ; 6    ;
; Unconstrained Output Port Paths ; 6     ; 6    ;
+---------------------------------+-------+------+


+------------------------------------+
; TimeQuest Timing Analyzer Messages ;
+------------------------------------+
Info: *******************************************************************
Info: Running Quartus II 64-Bit TimeQuest Timing Analyzer
    Info: Version 13.0.1 Build 232 06/12/2013 Service Pack 1 SJ Web Edition
    Info: Processing started: Thu May 05 10:05:33 2022
Info: Command: quartus_sta PruebaHDMI -c PruebaHDMI
Info: qsta_default_script.tcl version: #1
Warning (20028): Parallel compilation is not licensed and has been disabled
Info (21077): Low junction temperature is 0 degrees C
Info (21077): High junction temperature is 85 degrees C
Critical Warning (332012): Synopsys Design Constraints File file not found: 'PruebaHDMI.sdc'. A Synopsys Design Constraints File is required by the TimeQuest Timing Analyzer to get proper timing constraints. Without it, the Compiler will not properly optimize the design.
Info (332142): No user constrained generated clocks found in the design. Calling "derive_pll_clocks -create_base_clocks"
Info (332110): Deriving PLL clocks
    Info (332110): create_clock -period 20.000 -waveform {0.000 10.000} -name CLK CLK
    Info (332110): create_generated_clock -source {inst|altpll_component|pll|inclk[0]} -multiply_by 5 -duty_cycle 50.00 -name {inst|altpll_component|pll|clk[0]} {inst|altpll_component|pll|clk[0]}
Info (332142): No user constrained base clocks found in the design. Calling "derive_clocks -period 1.0"
Info (332105): Deriving Clocks
    Info (332105): create_clock -period 1.000 -name BTN BTN
Info: Found TIMEQUEST_REPORT_SCRIPT_INCLUDE_DEFAULT_ANALYSIS = ON
Info: Analyzing Slow Model
Critical Warning (332148): Timing requirements not met
Info (332146): Worst-case setup slack is -2.863
    Info (332119):     Slack End Point TNS Clock 
    Info (332119): ========= ============= =====================
    Info (332119):    -2.863        -8.577 inst|altpll_component|pll|clk[0] 
    Info (332119):    -0.411        -0.453 BTN 
Info (332146): Worst-case hold slack is 0.499
    Info (332119):     Slack End Point TNS Clock 
    Info (332119): ========= ============= =====================
    Info (332119):     0.499         0.000 BTN 
    Info (332119):     3.591         0.000 inst|altpll_component|pll|clk[0] 
Info (332140): No Recovery paths to report
Info (332140): No Removal paths to report
Info (332146): Worst-case minimum pulse width slack is -1.777
    Info (332119):     Slack End Point TNS Clock 
    Info (332119): ========= ============= =====================
    Info (332119):    -1.777        -6.229 BTN 
    Info (332119):     0.758         0.000 inst|altpll_component|pll|clk[0] 
    Info (332119):    10.000         0.000 CLK 
Info (332001): The selected device family is not supported by the report_metastability command.
Info: Analyzing Fast Model
Critical Warning (332148): Timing requirements not met
Info (332146): Worst-case setup slack is -0.779
    Info (332119):     Slack End Point TNS Clock 
    Info (332119): ========= ============= =====================
    Info (332119):    -0.779        -2.333 inst|altpll_component|pll|clk[0] 
    Info (332119):     0.516         0.000 BTN 
Info (332146): Worst-case hold slack is 0.215
    Info (332119):     Slack End Point TNS Clock 
    Info (332119): ========= ============= =====================
    Info (332119):     0.215         0.000 BTN 
    Info (332119):     1.657         0.000 inst|altpll_component|pll|clk[0] 
Info (332140): No Recovery paths to report
Info (332140): No Removal paths to report
Info (332146): Worst-case minimum pulse width slack is -1.222
    Info (332119):     Slack End Point TNS Clock 
    Info (332119): ========= ============= =====================
    Info (332119):    -1.222        -4.222 BTN 
    Info (332119):     1.000         0.000 inst|altpll_component|pll|clk[0] 
    Info (332119):    10.000         0.000 CLK 
Info (332001): The selected device family is not supported by the report_metastability command.
Info (332102): Design is not fully constrained for setup requirements
Info (332102): Design is not fully constrained for hold requirements
Info: Quartus II 64-Bit TimeQuest Timing Analyzer was successful. 0 errors, 4 warnings
    Info: Peak virtual memory: 4531 megabytes
    Info: Processing ended: Thu May 05 10:05:34 2022
    Info: Elapsed time: 00:00:01
    Info: Total CPU time (on all processors): 00:00:01


