Analysis & Synthesis report for Registros
Wed May 18 11:23:05 2022
Quartus II 64-Bit Version 13.0.1 Build 232 06/12/2013 Service Pack 1 SJ Web Edition


---------------------
; Table of Contents ;
---------------------
  1. Legal Notice
  2. Analysis & Synthesis Summary
  3. Analysis & Synthesis Settings
  4. Parallel Compilation
  5. Analysis & Synthesis Source Files Read
  6. Analysis & Synthesis Resource Usage Summary
  7. Analysis & Synthesis Resource Utilization by Entity
  8. Registers Removed During Synthesis
  9. General Register Statistics
 10. Multiplexer Restructuring Statistics (Restructuring Performed)
 11. Elapsed Time Per Partition
 12. Analysis & Synthesis Messages



----------------
; Legal Notice ;
----------------
Copyright (C) 1991-2013 Altera Corporation
Your use of Altera Corporation's design tools, logic functions 
and other software and tools, and its AMPP partner logic 
functions, and any output files from any of the foregoing 
(including device programming or simulation files), and any 
associated documentation or information are expressly subject 
to the terms and conditions of the Altera Program License 
Subscription Agreement, Altera MegaCore Function License 
Agreement, or other applicable license agreement, including, 
without limitation, that your use is for the sole purpose of 
programming logic devices manufactured by Altera and sold by 
Altera or its authorized distributors.  Please refer to the 
applicable agreement for further details.



+--------------------------------------------------------------------------------------+
; Analysis & Synthesis Summary                                                         ;
+------------------------------------+-------------------------------------------------+
; Analysis & Synthesis Status        ; Successful - Wed May 18 11:23:05 2022           ;
; Quartus II 64-Bit Version          ; 13.0.1 Build 232 06/12/2013 SP 1 SJ Web Edition ;
; Revision Name                      ; Registros                                       ;
; Top-level Entity Name              ; Registros                                       ;
; Family                             ; Cyclone II                                      ;
; Total logic elements               ; 108                                             ;
;     Total combinational functions  ; 79                                              ;
;     Dedicated logic registers      ; 69                                              ;
; Total registers                    ; 69                                              ;
; Total pins                         ; 25                                              ;
; Total virtual pins                 ; 0                                               ;
; Total memory bits                  ; 0                                               ;
; Embedded Multiplier 9-bit elements ; 0                                               ;
; Total PLLs                         ; 0                                               ;
+------------------------------------+-------------------------------------------------+


+----------------------------------------------------------------------------------------------------------------------+
; Analysis & Synthesis Settings                                                                                        ;
+----------------------------------------------------------------------------+--------------------+--------------------+
; Option                                                                     ; Setting            ; Default Value      ;
+----------------------------------------------------------------------------+--------------------+--------------------+
; Device                                                                     ; EP2C5T144C8        ;                    ;
; Top-level entity name                                                      ; Registros          ; Registros          ;
; Family name                                                                ; Cyclone II         ; Cyclone IV GX      ;
; Use smart compilation                                                      ; Off                ; Off                ;
; Enable parallel Assembler and TimeQuest Timing Analyzer during compilation ; On                 ; On                 ;
; Enable compact report table                                                ; Off                ; Off                ;
; Restructure Multiplexers                                                   ; Auto               ; Auto               ;
; Create Debugging Nodes for IP Cores                                        ; Off                ; Off                ;
; Preserve fewer node names                                                  ; On                 ; On                 ;
; Disable OpenCore Plus hardware evaluation                                  ; Off                ; Off                ;
; Verilog Version                                                            ; Verilog_2001       ; Verilog_2001       ;
; VHDL Version                                                               ; VHDL_1993          ; VHDL_1993          ;
; State Machine Processing                                                   ; Auto               ; Auto               ;
; Safe State Machine                                                         ; Off                ; Off                ;
; Extract Verilog State Machines                                             ; On                 ; On                 ;
; Extract VHDL State Machines                                                ; On                 ; On                 ;
; Ignore Verilog initial constructs                                          ; Off                ; Off                ;
; Iteration limit for constant Verilog loops                                 ; 5000               ; 5000               ;
; Iteration limit for non-constant Verilog loops                             ; 250                ; 250                ;
; Add Pass-Through Logic to Inferred RAMs                                    ; On                 ; On                 ;
; Infer RAMs from Raw Logic                                                  ; On                 ; On                 ;
; Parallel Synthesis                                                         ; On                 ; On                 ;
; DSP Block Balancing                                                        ; Auto               ; Auto               ;
; NOT Gate Push-Back                                                         ; On                 ; On                 ;
; Power-Up Don't Care                                                        ; On                 ; On                 ;
; Remove Redundant Logic Cells                                               ; Off                ; Off                ;
; Remove Duplicate Registers                                                 ; On                 ; On                 ;
; Ignore CARRY Buffers                                                       ; Off                ; Off                ;
; Ignore CASCADE Buffers                                                     ; Off                ; Off                ;
; Ignore GLOBAL Buffers                                                      ; Off                ; Off                ;
; Ignore ROW GLOBAL Buffers                                                  ; Off                ; Off                ;
; Ignore LCELL Buffers                                                       ; Off                ; Off                ;
; Ignore SOFT Buffers                                                        ; On                 ; On                 ;
; Limit AHDL Integers to 32 Bits                                             ; Off                ; Off                ;
; Optimization Technique                                                     ; Balanced           ; Balanced           ;
; Carry Chain Length                                                         ; 70                 ; 70                 ;
; Auto Carry Chains                                                          ; On                 ; On                 ;
; Auto Open-Drain Pins                                                       ; On                 ; On                 ;
; Perform WYSIWYG Primitive Resynthesis                                      ; Off                ; Off                ;
; Auto ROM Replacement                                                       ; On                 ; On                 ;
; Auto RAM Replacement                                                       ; On                 ; On                 ;
; Auto Shift Register Replacement                                            ; Auto               ; Auto               ;
; Allow Shift Register Merging across Hierarchies                            ; Auto               ; Auto               ;
; Auto Clock Enable Replacement                                              ; On                 ; On                 ;
; Strict RAM Replacement                                                     ; Off                ; Off                ;
; Allow Synchronous Control Signals                                          ; On                 ; On                 ;
; Force Use of Synchronous Clear Signals                                     ; Off                ; Off                ;
; Auto RAM to Logic Cell Conversion                                          ; Off                ; Off                ;
; Auto Resource Sharing                                                      ; Off                ; Off                ;
; Allow Any RAM Size For Recognition                                         ; Off                ; Off                ;
; Allow Any ROM Size For Recognition                                         ; Off                ; Off                ;
; Allow Any Shift Register Size For Recognition                              ; Off                ; Off                ;
; Use LogicLock Constraints during Resource Balancing                        ; On                 ; On                 ;
; Ignore translate_off and synthesis_off directives                          ; Off                ; Off                ;
; Timing-Driven Synthesis                                                    ; Off                ; Off                ;
; Report Parameter Settings                                                  ; On                 ; On                 ;
; Report Source Assignments                                                  ; On                 ; On                 ;
; Report Connectivity Checks                                                 ; On                 ; On                 ;
; Ignore Maximum Fan-Out Assignments                                         ; Off                ; Off                ;
; Synchronization Register Chain Length                                      ; 2                  ; 2                  ;
; PowerPlay Power Optimization                                               ; Normal compilation ; Normal compilation ;
; HDL message level                                                          ; Level2             ; Level2             ;
; Suppress Register Optimization Related Messages                            ; Off                ; Off                ;
; Number of Removed Registers Reported in Synthesis Report                   ; 5000               ; 5000               ;
; Number of Swept Nodes Reported in Synthesis Report                         ; 5000               ; 5000               ;
; Number of Inverted Registers Reported in Synthesis Report                  ; 100                ; 100                ;
; Clock MUX Protection                                                       ; On                 ; On                 ;
; Auto Gated Clock Conversion                                                ; Off                ; Off                ;
; Block Design Naming                                                        ; Auto               ; Auto               ;
; SDC constraint protection                                                  ; Off                ; Off                ;
; Synthesis Effort                                                           ; Auto               ; Auto               ;
; Shift Register Replacement - Allow Asynchronous Clear Signal               ; On                 ; On                 ;
; Pre-Mapping Resynthesis Optimization                                       ; Off                ; Off                ;
; Analysis & Synthesis Message Level                                         ; Medium             ; Medium             ;
; Disable Register Merging Across Hierarchies                                ; Auto               ; Auto               ;
; Resource Aware Inference For Block RAM                                     ; On                 ; On                 ;
; Synthesis Seed                                                             ; 1                  ; 1                  ;
+----------------------------------------------------------------------------+--------------------+--------------------+


Parallel compilation was disabled, but you have multiple processors available. Enable parallel compilation to reduce compilation time.
+-------------------------------------+
; Parallel Compilation                ;
+----------------------------+--------+
; Processors                 ; Number ;
+----------------------------+--------+
; Number detected on machine ; 8      ;
; Maximum allowed            ; 1      ;
+----------------------------+--------+


+---------------------------------------------------------------------------------------------------------------------------------------------------------------------------------------------------------------------------+
; Analysis & Synthesis Source Files Read                                                                                                                                                                                    ;
+----------------------------------+-----------------+-----------------------+------------------------------------------------------------------------------------------------------------------------------------+---------+
; File Name with User-Entered Path ; Used in Netlist ; File Type             ; File Name with Absolute Path                                                                                                       ; Library ;
+----------------------------------+-----------------+-----------------------+------------------------------------------------------------------------------------------------------------------------------------+---------+
; Reloj2Hz.vhd                     ; yes             ; User VHDL File        ; C:/Users/cafe_/Documents/4_Semestre/Diseno_de_Sistemas_Digitales/Enterlapps-DSD/Practica 3/Otro/Registros1por1/Reloj2Hz.vhd        ;         ;
; Registros.vhd                    ; yes             ; User VHDL File        ; C:/Users/cafe_/Documents/4_Semestre/Diseno_de_Sistemas_Digitales/Enterlapps-DSD/Practica 3/Otro/Registros1por1/Registros.vhd       ;         ;
; RegCorrimiento1.vhd              ; yes             ; User VHDL File        ; C:/Users/cafe_/Documents/4_Semestre/Diseno_de_Sistemas_Digitales/Enterlapps-DSD/Practica 3/Otro/Registros1por1/RegCorrimiento1.vhd ;         ;
; RegCorrimiento4.vhd              ; yes             ; User VHDL File        ; C:/Users/cafe_/Documents/4_Semestre/Diseno_de_Sistemas_Digitales/Enterlapps-DSD/Practica 3/Otro/Registros1por1/RegCorrimiento4.vhd ;         ;
; RegCorrimiento3.vhd              ; yes             ; User VHDL File        ; C:/Users/cafe_/Documents/4_Semestre/Diseno_de_Sistemas_Digitales/Enterlapps-DSD/Practica 3/Otro/Registros1por1/RegCorrimiento3.vhd ;         ;
; RegCorrimiento6.vhd              ; yes             ; User VHDL File        ; C:/Users/cafe_/Documents/4_Semestre/Diseno_de_Sistemas_Digitales/Enterlapps-DSD/Practica 3/Otro/Registros1por1/RegCorrimiento6.vhd ;         ;
; RegCorrimiento7.vhd              ; yes             ; User VHDL File        ; C:/Users/cafe_/Documents/4_Semestre/Diseno_de_Sistemas_Digitales/Enterlapps-DSD/Practica 3/Otro/Registros1por1/RegCorrimiento7.vhd ;         ;
; Multiplexor.vhd                  ; yes             ; User VHDL File        ; C:/Users/cafe_/Documents/4_Semestre/Diseno_de_Sistemas_Digitales/Enterlapps-DSD/Practica 3/Otro/Registros1por1/Multiplexor.vhd     ;         ;
; regcorrimiento2.vhd              ; yes             ; Auto-Found VHDL File  ; C:/Users/cafe_/Documents/4_Semestre/Diseno_de_Sistemas_Digitales/Enterlapps-DSD/Practica 3/Otro/Registros1por1/regcorrimiento2.vhd ;         ;
; regcorrimiento5.vhd              ; yes             ; Auto-Found VHDL File  ; C:/Users/cafe_/Documents/4_Semestre/Diseno_de_Sistemas_Digitales/Enterlapps-DSD/Practica 3/Otro/Registros1por1/regcorrimiento5.vhd ;         ;
+----------------------------------+-----------------+-----------------------+------------------------------------------------------------------------------------------------------------------------------------+---------+


+-----------------------------------------------------+
; Analysis & Synthesis Resource Usage Summary         ;
+---------------------------------------------+-------+
; Resource                                    ; Usage ;
+---------------------------------------------+-------+
; Estimated Total logic elements              ; 108   ;
;                                             ;       ;
; Total combinational functions               ; 79    ;
; Logic element usage by number of LUT inputs ;       ;
;     -- 4 input functions                    ; 24    ;
;     -- 3 input functions                    ; 11    ;
;     -- <=2 input functions                  ; 44    ;
;                                             ;       ;
; Logic elements by mode                      ;       ;
;     -- normal mode                          ; 54    ;
;     -- arithmetic mode                      ; 25    ;
;                                             ;       ;
; Total registers                             ; 69    ;
;     -- Dedicated logic registers            ; 69    ;
;     -- I/O registers                        ; 0     ;
;                                             ;       ;
; I/O pins                                    ; 25    ;
; Embedded Multiplier 9-bit elements          ; 0     ;
; Maximum fan-out node                        ; RESET ;
; Maximum fan-out                             ; 67    ;
; Total fan-out                               ; 462   ;
; Average fan-out                             ; 2.67  ;
+---------------------------------------------+-------+


+--------------------------------------------------------------------------------------------------------------------------------------------------------------------------------------------------+
; Analysis & Synthesis Resource Utilization by Entity                                                                                                                                              ;
+--------------------------------+-------------------+--------------+-------------+--------------+---------+-----------+------+--------------+--------------------------------------+--------------+
; Compilation Hierarchy Node     ; LC Combinationals ; LC Registers ; Memory Bits ; DSP Elements ; DSP 9x9 ; DSP 18x18 ; Pins ; Virtual Pins ; Full Hierarchy Name                  ; Library Name ;
+--------------------------------+-------------------+--------------+-------------+--------------+---------+-----------+------+--------------+--------------------------------------+--------------+
; |Registros                     ; 79 (0)            ; 69 (0)       ; 0           ; 0            ; 0       ; 0         ; 25   ; 0            ; |Registros                           ; work         ;
;    |DivisorDeFrecuencia:Reloj| ; 48 (48)           ; 27 (27)      ; 0           ; 0            ; 0       ; 0         ; 0    ; 0            ; |Registros|DivisorDeFrecuencia:Reloj ; work         ;
;    |Multiplexor:Mux|           ; 15 (15)           ; 0 (0)        ; 0           ; 0            ; 0       ; 0         ; 0    ; 0            ; |Registros|Multiplexor:Mux           ; work         ;
;    |RegCorrimiento2:Reg2|      ; 0 (0)             ; 1 (1)        ; 0           ; 0            ; 0       ; 0         ; 0    ; 0            ; |Registros|RegCorrimiento2:Reg2      ; work         ;
;    |RegCorrimiento3:Reg3|      ; 14 (14)           ; 11 (11)      ; 0           ; 0            ; 0       ; 0         ; 0    ; 0            ; |Registros|RegCorrimiento3:Reg3      ; work         ;
;    |RegCorrimiento4:Reg4|      ; 0 (0)             ; 6 (6)        ; 0           ; 0            ; 0       ; 0         ; 0    ; 0            ; |Registros|RegCorrimiento4:Reg4      ; work         ;
;    |RegCorrimiento5:Reg5|      ; 0 (0)             ; 8 (8)        ; 0           ; 0            ; 0       ; 0         ; 0    ; 0            ; |Registros|RegCorrimiento5:Reg5      ; work         ;
;    |RegCorrimiento6:Reg6|      ; 1 (1)             ; 8 (8)        ; 0           ; 0            ; 0       ; 0         ; 0    ; 0            ; |Registros|RegCorrimiento6:Reg6      ; work         ;
;    |RegCorrimiento7:Reg7|      ; 1 (1)             ; 8 (8)        ; 0           ; 0            ; 0       ; 0         ; 0    ; 0            ; |Registros|RegCorrimiento7:Reg7      ; work         ;
+--------------------------------+-------------------+--------------+-------------+--------------+---------+-----------+------+--------------+--------------------------------------+--------------+
Note: For table entries with two numbers listed, the numbers in parentheses indicate the number of resources of the given type used by the specific entity alone. The numbers listed outside of parentheses indicate the total resources of the given type used by the specific entity and all of its sub-entities in the hierarchy.


+---------------------------------------------------------------------------------------+
; Registers Removed During Synthesis                                                    ;
+----------------------------------------+----------------------------------------------+
; Register name                          ; Reason for Removal                           ;
+----------------------------------------+----------------------------------------------+
; RegCorrimiento1:Reg1|REGISTRO[7]       ; Merged with RegCorrimiento5:Reg5|REGISTRO[7] ;
; RegCorrimiento2:Reg2|REGISTRO[0]       ; Merged with RegCorrimiento5:Reg5|REGISTRO[7] ;
; RegCorrimiento3:Reg3|REGISTRO[7]       ; Merged with RegCorrimiento5:Reg5|REGISTRO[7] ;
; RegCorrimiento4:Reg4|REGISTRO[7]       ; Merged with RegCorrimiento5:Reg5|REGISTRO[7] ;
; RegCorrimiento1:Reg1|REGISTRO[6]       ; Merged with RegCorrimiento4:Reg4|REGISTRO[6] ;
; RegCorrimiento2:Reg2|REGISTRO[1]       ; Merged with RegCorrimiento4:Reg4|REGISTRO[6] ;
; RegCorrimiento1:Reg1|REGISTRO[5]       ; Merged with RegCorrimiento4:Reg4|REGISTRO[5] ;
; RegCorrimiento2:Reg2|REGISTRO[2]       ; Merged with RegCorrimiento4:Reg4|REGISTRO[5] ;
; RegCorrimiento1:Reg1|REGISTRO[4]       ; Merged with RegCorrimiento4:Reg4|REGISTRO[4] ;
; RegCorrimiento2:Reg2|REGISTRO[3]       ; Merged with RegCorrimiento4:Reg4|REGISTRO[4] ;
; RegCorrimiento1:Reg1|REGISTRO[3]       ; Merged with RegCorrimiento4:Reg4|REGISTRO[3] ;
; RegCorrimiento2:Reg2|REGISTRO[4]       ; Merged with RegCorrimiento4:Reg4|REGISTRO[3] ;
; RegCorrimiento1:Reg1|REGISTRO[2]       ; Merged with RegCorrimiento4:Reg4|REGISTRO[2] ;
; RegCorrimiento2:Reg2|REGISTRO[5]       ; Merged with RegCorrimiento4:Reg4|REGISTRO[2] ;
; RegCorrimiento1:Reg1|REGISTRO[1]       ; Merged with RegCorrimiento4:Reg4|REGISTRO[1] ;
; RegCorrimiento2:Reg2|REGISTRO[6]       ; Merged with RegCorrimiento4:Reg4|REGISTRO[1] ;
; RegCorrimiento4:Reg4|REGISTRO[0]       ; Merged with RegCorrimiento2:Reg2|REGISTRO[7] ;
; RegCorrimiento1:Reg1|REGISTRO[0]       ; Merged with RegCorrimiento2:Reg2|REGISTRO[7] ;
; RegCorrimiento7:Reg7|contador[0]       ; Merged with RegCorrimiento3:Reg3|contador[0] ;
; RegCorrimiento7:Reg7|contador[3]       ; Merged with RegCorrimiento3:Reg3|contador[3] ;
; RegCorrimiento7:Reg7|contador[2]       ; Merged with RegCorrimiento3:Reg3|contador[2] ;
; RegCorrimiento7:Reg7|contador[1]       ; Merged with RegCorrimiento3:Reg3|contador[1] ;
; Total Number of Removed Registers = 22 ;                                              ;
+----------------------------------------+----------------------------------------------+


+------------------------------------------------------+
; General Register Statistics                          ;
+----------------------------------------------+-------+
; Statistic                                    ; Value ;
+----------------------------------------------+-------+
; Total registers                              ; 69    ;
; Number of registers using Synchronous Clear  ; 0     ;
; Number of registers using Synchronous Load   ; 0     ;
; Number of registers using Asynchronous Clear ; 65    ;
; Number of registers using Asynchronous Load  ; 0     ;
; Number of registers using Clock Enable       ; 32    ;
; Number of registers using Preset             ; 0     ;
+----------------------------------------------+-------+


+-----------------------------------------------------------------------------------------------------------------------------------------------------------+
; Multiplexer Restructuring Statistics (Restructuring Performed)                                                                                            ;
+--------------------+-----------+---------------+----------------------+------------------------+------------+---------------------------------------------+
; Multiplexer Inputs ; Bus Width ; Baseline Area ; Area if Restructured ; Saving if Restructured ; Registered ; Example Multiplexer Output                  ;
+--------------------+-----------+---------------+----------------------+------------------------+------------+---------------------------------------------+
; 3:1                ; 7 bits    ; 14 LEs        ; 0 LEs                ; 14 LEs                 ; Yes        ; |Registros|RegCorrimiento7:Reg7|REGISTRO[7] ;
; 3:1                ; 8 bits    ; 16 LEs        ; 8 LEs                ; 8 LEs                  ; Yes        ; |Registros|RegCorrimiento3:Reg3|REGISTRO[4] ;
; 8:1                ; 6 bits    ; 30 LEs        ; 12 LEs               ; 18 LEs                 ; No         ; |Registros|Multiplexor:Mux|Mux6             ;
+--------------------+-----------+---------------+----------------------+------------------------+------------+---------------------------------------------+


+-------------------------------+
; Elapsed Time Per Partition    ;
+----------------+--------------+
; Partition Name ; Elapsed Time ;
+----------------+--------------+
; Top            ; 00:00:00     ;
+----------------+--------------+


+-------------------------------+
; Analysis & Synthesis Messages ;
+-------------------------------+
Info: *******************************************************************
Info: Running Quartus II 64-Bit Analysis & Synthesis
    Info: Version 13.0.1 Build 232 06/12/2013 Service Pack 1 SJ Web Edition
    Info: Processing started: Wed May 18 11:23:03 2022
Info: Command: quartus_map --read_settings_files=on --write_settings_files=off Registros -c Registros
Warning (20028): Parallel compilation is not licensed and has been disabled
Info (12021): Found 2 design units, including 1 entities, in source file reloj2hz.vhd
    Info (12022): Found design unit 1: DivisorDeFrecuencia-DivFrec
    Info (12023): Found entity 1: DivisorDeFrecuencia
Warning (12019): Can't analyze file -- file RegistrosCorrimiento.vhd is missing
Info (12021): Found 2 design units, including 1 entities, in source file registros.vhd
    Info (12022): Found design unit 1: Registros-funcion
    Info (12023): Found entity 1: Registros
Info (12021): Found 2 design units, including 1 entities, in source file regcorrimiento1.vhd
    Info (12022): Found design unit 1: RegCorrimiento1-funcion1
    Info (12023): Found entity 1: RegCorrimiento1
Warning (12019): Can't analyze file -- file RegCorrimientoE.vhd is missing
Info (12021): Found 2 design units, including 1 entities, in source file regcorrimiento4.vhd
    Info (12022): Found design unit 1: RegCorrimiento4-funcion4
    Info (12023): Found entity 1: RegCorrimiento4
Info (12021): Found 2 design units, including 1 entities, in source file regcorrimiento3.vhd
    Info (12022): Found design unit 1: RegCorrimiento3-funcion3
    Info (12023): Found entity 1: RegCorrimiento3
Info (12021): Found 2 design units, including 1 entities, in source file regcorrimiento6.vhd
    Info (12022): Found design unit 1: RegCorrimiento6-funcion6
    Info (12023): Found entity 1: RegCorrimiento6
Info (12021): Found 2 design units, including 1 entities, in source file regcorrimiento7.vhd
    Info (12022): Found design unit 1: RegCorrimiento7-funcion7
    Info (12023): Found entity 1: RegCorrimiento7
Info (12021): Found 2 design units, including 1 entities, in source file multiplexor.vhd
    Info (12022): Found design unit 1: Multiplexor-funcion
    Info (12023): Found entity 1: Multiplexor
Info (12127): Elaborating entity "Registros" for the top level hierarchy
Info (12128): Elaborating entity "DivisorDeFrecuencia" for hierarchy "DivisorDeFrecuencia:Reloj"
Info (12128): Elaborating entity "RegCorrimiento1" for hierarchy "RegCorrimiento1:Reg1"
Warning (10873): Using initial value X (don't care) for net "SALIDA[7..1]" at RegCorrimiento1.vhd(10)
Warning (12125): Using design file regcorrimiento2.vhd, which is not specified as a design file for the current project, but contains definitions for 2 design units and 1 entities in project
    Info (12022): Found design unit 1: RegCorrimiento2-funcion2
    Info (12023): Found entity 1: RegCorrimiento2
Info (12128): Elaborating entity "RegCorrimiento2" for hierarchy "RegCorrimiento2:Reg2"
Warning (10873): Using initial value X (don't care) for net "SALIDA[6..0]" at regcorrimiento2.vhd(9)
Info (12128): Elaborating entity "RegCorrimiento3" for hierarchy "RegCorrimiento3:Reg3"
Warning (10873): Using initial value X (don't care) for net "SALIDA[7..1]" at RegCorrimiento3.vhd(9)
Info (12128): Elaborating entity "RegCorrimiento4" for hierarchy "RegCorrimiento4:Reg4"
Warning (12125): Using design file regcorrimiento5.vhd, which is not specified as a design file for the current project, but contains definitions for 2 design units and 1 entities in project
    Info (12022): Found design unit 1: RegCorrimiento5-funcion5
    Info (12023): Found entity 1: RegCorrimiento5
Info (12128): Elaborating entity "RegCorrimiento5" for hierarchy "RegCorrimiento5:Reg5"
Info (12128): Elaborating entity "RegCorrimiento6" for hierarchy "RegCorrimiento6:Reg6"
Warning (10873): Using initial value X (don't care) for net "SALIDA[7..1]" at RegCorrimiento6.vhd(9)
Info (12128): Elaborating entity "RegCorrimiento7" for hierarchy "RegCorrimiento7:Reg7"
Warning (10873): Using initial value X (don't care) for net "SALIDA[6..0]" at RegCorrimiento7.vhd(9)
Info (12128): Elaborating entity "Multiplexor" for hierarchy "Multiplexor:Mux"
Info (16010): Generating hard_block partition "hard_block:auto_generated_inst"
    Info (16011): Adding 0 node(s), including 0 DDIO, 0 PLL, 0 transceiver and 0 LCELL
Info (21057): Implemented 133 device resources after synthesis - the final resource count might be different
    Info (21058): Implemented 14 input pins
    Info (21059): Implemented 11 output pins
    Info (21061): Implemented 108 logic cells
Info: Quartus II 64-Bit Analysis & Synthesis was successful. 0 errors, 10 warnings
    Info: Peak virtual memory: 4637 megabytes
    Info: Processing ended: Wed May 18 11:23:05 2022
    Info: Elapsed time: 00:00:02
    Info: Total CPU time (on all processors): 00:00:02


